<?xml version="1.0" encoding="UTF-8"?>
<!-- Generated by org.testng.reporters.JUnitReportReporter -->
<testsuite skipped="0" hostname="HP-PC-3.local" name="automationFramework.createTransaction" tests="1" failures="0" timestamp="19 Oct 2018 10:14:07 GMT" time="49.484" errors="0">
  <testcase name="testCreateDeal" time="49.484" classname="automationFramework.createTransaction"/>
</testsuite> <!-- automationFramework.createTransaction -->
