<?xml version="1.0" encoding="UTF-8"?>
<!-- Generated by org.testng.reporters.JUnitReportReporter -->
<testsuite skipped="0" hostname="HP-PC-3.local" name="automationFramework.testCreateOrgSuite" tests="3" failures="0" timestamp="10 Oct 2018 08:26:12 GMT" time="84.054" errors="0">
  <testcase name="createLFInvestorOrgTest" time="29.633" classname="automationFramework.testCreateOrgSuite"/>
  <testcase name="createLeadInvestorOrgTest" time="27.831" classname="automationFramework.testCreateOrgSuite"/>
  <testcase name="createCompanyOrgTest" time="26.590" classname="automationFramework.testCreateOrgSuite"/>
</testsuite> <!-- automationFramework.testCreateOrgSuite -->
