<?xml version="1.0" encoding="UTF-8"?>
<!-- Generated by org.testng.reporters.JUnitReportReporter -->
<testsuite skipped="0" hostname="HP-PC-3.local" name="automationFramework.inviteParticipantToTransaction" tests="1" failures="0" timestamp="19 Oct 2018 10:18:12 GMT" time="170.826" errors="0">
  <testcase name="testInviteParticipants" time="170.826" classname="automationFramework.inviteParticipantToTransaction"/>
</testsuite> <!-- automationFramework.inviteParticipantToTransaction -->
