<?xml version="1.0" encoding="UTF-8"?>
<!-- Generated by org.testng.reporters.JUnitReportReporter -->
<testsuite skipped="0" hostname="HP-PC-3.local" name="automationFramework.dilutionCalculator" tests="1" failures="0" timestamp="16 Oct 2018 11:39:49 GMT" time="44.421" errors="0">
  <testcase name="testDilutionCalculator" time="44.421" classname="automationFramework.dilutionCalculator"/>
</testsuite> <!-- automationFramework.dilutionCalculator -->
